{"C:\\Users\\HP\\Desktop\\PROJECTS\\REACT-NATIVE\\personal-apps\\expo-simple-ui-apps\\api\\movieDB.ts": {"path":"C:\\Users\\HP\\Desktop\\PROJECTS\\REACT-NATIVE\\personal-apps\\expo-simple-ui-apps\\api\\movieDB.ts","statementMap":{"0":{"start":{"line":6,"column":19},"end":{"line":6,"column":49}},"1":{"start":{"line":9,"column":2},"end":{"line":9,"column":66}},"2":{"start":{"line":12,"column":2},"end":{"line":12,"column":69}},"3":{"start":{"line":15,"column":2},"end":{"line":15,"column":79}},"4":{"start":{"line":17,"column":29},"end":{"line":18,"column":102}},"5":{"start":{"line":18,"column":2},"end":{"line":18,"column":102}},"6":{"start":{"line":21,"column":29},"end":{"line":22,"column":59}},"7":{"start":{"line":22,"column":2},"end":{"line":22,"column":59}},"8":{"start":{"line":23,"column":29},"end":{"line":24,"column":67}},"9":{"start":{"line":24,"column":2},"end":{"line":24,"column":67}},"10":{"start":{"line":25,"column":30},"end":{"line":26,"column":74}},"11":{"start":{"line":26,"column":2},"end":{"line":26,"column":74}},"12":{"start":{"line":29,"column":30},"end":{"line":30,"column":60}},"13":{"start":{"line":30,"column":2},"end":{"line":30,"column":60}},"14":{"start":{"line":31,"column":29},"end":{"line":32,"column":74}},"15":{"start":{"line":32,"column":2},"end":{"line":32,"column":74}},"16":{"start":{"line":36,"column":2},"end":{"line":36,"column":181}},"17":{"start":{"line":38,"column":2},"end":{"line":38,"column":136}},"18":{"start":{"line":40,"column":24},"end":{"line":41,"column":55}},"19":{"start":{"line":41,"column":2},"end":{"line":41,"column":55}},"20":{"start":{"line":43,"column":24},"end":{"line":44,"column":55}},"21":{"start":{"line":44,"column":2},"end":{"line":44,"column":55}},"22":{"start":{"line":46,"column":24},"end":{"line":47,"column":55}},"23":{"start":{"line":47,"column":2},"end":{"line":47,"column":55}},"24":{"start":{"line":49,"column":16},"end":{"line":68,"column":1}},"25":{"start":{"line":50,"column":18},"end":{"line":58,"column":3}},"26":{"start":{"line":60,"column":2},"end":{"line":67,"column":3}},"27":{"start":{"line":61,"column":21},"end":{"line":61,"column":49}},"28":{"start":{"line":63,"column":4},"end":{"line":63,"column":25}},"29":{"start":{"line":65,"column":4},"end":{"line":65,"column":70}},"30":{"start":{"line":66,"column":4},"end":{"line":66,"column":16}},"31":{"start":{"line":71,"column":35},"end":{"line":73,"column":1}},"32":{"start":{"line":72,"column":2},"end":{"line":72,"column":45}},"33":{"start":{"line":74,"column":35},"end":{"line":76,"column":1}},"34":{"start":{"line":75,"column":2},"end":{"line":75,"column":45}},"35":{"start":{"line":77,"column":35},"end":{"line":79,"column":1}},"36":{"start":{"line":78,"column":2},"end":{"line":78,"column":45}},"37":{"start":{"line":82,"column":33},"end":{"line":84,"column":1}},"38":{"start":{"line":83,"column":2},"end":{"line":83,"column":47}},"39":{"start":{"line":85,"column":33},"end":{"line":87,"column":1}},"40":{"start":{"line":86,"column":2},"end":{"line":86,"column":52}},"41":{"start":{"line":88,"column":34},"end":{"line":90,"column":1}},"42":{"start":{"line":89,"column":2},"end":{"line":89,"column":53}},"43":{"start":{"line":93,"column":34},"end":{"line":95,"column":1}},"44":{"start":{"line":94,"column":2},"end":{"line":94,"column":54}},"45":{"start":{"line":96,"column":33},"end":{"line":98,"column":1}},"46":{"start":{"line":97,"column":2},"end":{"line":97,"column":53}},"47":{"start":{"line":101,"column":28},"end":{"line":103,"column":1}},"48":{"start":{"line":102,"column":2},"end":{"line":102,"column":50}}},"fnMap":{"0":{"name":"(anonymous_0)","decl":{"start":{"line":17,"column":29},"end":{"line":17,"column":30}},"loc":{"start":{"line":18,"column":2},"end":{"line":18,"column":102}},"line":18},"1":{"name":"(anonymous_1)","decl":{"start":{"line":21,"column":29},"end":{"line":21,"column":30}},"loc":{"start":{"line":22,"column":2},"end":{"line":22,"column":59}},"line":22},"2":{"name":"(anonymous_2)","decl":{"start":{"line":23,"column":29},"end":{"line":23,"column":30}},"loc":{"start":{"line":24,"column":2},"end":{"line":24,"column":67}},"line":24},"3":{"name":"(anonymous_3)","decl":{"start":{"line":25,"column":30},"end":{"line":25,"column":31}},"loc":{"start":{"line":26,"column":2},"end":{"line":26,"column":74}},"line":26},"4":{"name":"(anonymous_4)","decl":{"start":{"line":29,"column":30},"end":{"line":29,"column":31}},"loc":{"start":{"line":30,"column":2},"end":{"line":30,"column":60}},"line":30},"5":{"name":"(anonymous_5)","decl":{"start":{"line":31,"column":29},"end":{"line":31,"column":30}},"loc":{"start":{"line":32,"column":2},"end":{"line":32,"column":74}},"line":32},"6":{"name":"(anonymous_6)","decl":{"start":{"line":40,"column":24},"end":{"line":40,"column":25}},"loc":{"start":{"line":41,"column":2},"end":{"line":41,"column":55}},"line":41},"7":{"name":"(anonymous_7)","decl":{"start":{"line":43,"column":24},"end":{"line":43,"column":25}},"loc":{"start":{"line":44,"column":2},"end":{"line":44,"column":55}},"line":44},"8":{"name":"(anonymous_8)","decl":{"start":{"line":46,"column":24},"end":{"line":46,"column":25}},"loc":{"start":{"line":47,"column":2},"end":{"line":47,"column":55}},"line":47},"9":{"name":"(anonymous_9)","decl":{"start":{"line":49,"column":16},"end":{"line":49,"column":17}},"loc":{"start":{"line":49,"column":57},"end":{"line":68,"column":1}},"line":49},"10":{"name":"(anonymous_10)","decl":{"start":{"line":71,"column":35},"end":{"line":71,"column":36}},"loc":{"start":{"line":71,"column":41},"end":{"line":73,"column":1}},"line":71},"11":{"name":"(anonymous_11)","decl":{"start":{"line":74,"column":35},"end":{"line":74,"column":36}},"loc":{"start":{"line":74,"column":41},"end":{"line":76,"column":1}},"line":74},"12":{"name":"(anonymous_12)","decl":{"start":{"line":77,"column":35},"end":{"line":77,"column":36}},"loc":{"start":{"line":77,"column":41},"end":{"line":79,"column":1}},"line":77},"13":{"name":"(anonymous_13)","decl":{"start":{"line":82,"column":33},"end":{"line":82,"column":34}},"loc":{"start":{"line":82,"column":49},"end":{"line":84,"column":1}},"line":82},"14":{"name":"(anonymous_14)","decl":{"start":{"line":85,"column":33},"end":{"line":85,"column":34}},"loc":{"start":{"line":85,"column":54},"end":{"line":87,"column":1}},"line":85},"15":{"name":"(anonymous_15)","decl":{"start":{"line":88,"column":34},"end":{"line":88,"column":35}},"loc":{"start":{"line":88,"column":55},"end":{"line":90,"column":1}},"line":88},"16":{"name":"(anonymous_16)","decl":{"start":{"line":93,"column":34},"end":{"line":93,"column":35}},"loc":{"start":{"line":93,"column":56},"end":{"line":95,"column":1}},"line":93},"17":{"name":"(anonymous_17)","decl":{"start":{"line":96,"column":33},"end":{"line":96,"column":34}},"loc":{"start":{"line":96,"column":55},"end":{"line":98,"column":1}},"line":96},"18":{"name":"(anonymous_18)","decl":{"start":{"line":101,"column":28},"end":{"line":101,"column":29}},"loc":{"start":{"line":101,"column":47},"end":{"line":103,"column":1}},"line":101}},"branchMap":{"0":{"loc":{"start":{"line":41,"column":2},"end":{"line":41,"column":55}},"type":"cond-expr","locations":[{"start":{"line":41,"column":9},"end":{"line":41,"column":50}},{"start":{"line":41,"column":53},"end":{"line":41,"column":55}}],"line":41},"1":{"loc":{"start":{"line":44,"column":2},"end":{"line":44,"column":55}},"type":"cond-expr","locations":[{"start":{"line":44,"column":9},"end":{"line":44,"column":50}},{"start":{"line":44,"column":53},"end":{"line":44,"column":55}}],"line":44},"2":{"loc":{"start":{"line":47,"column":2},"end":{"line":47,"column":55}},"type":"cond-expr","locations":[{"start":{"line":47,"column":9},"end":{"line":47,"column":50}},{"start":{"line":47,"column":53},"end":{"line":47,"column":55}}],"line":47},"3":{"loc":{"start":{"line":57,"column":12},"end":{"line":57,"column":32}},"type":"cond-expr","locations":[{"start":{"line":57,"column":21},"end":{"line":57,"column":27}},{"start":{"line":57,"column":30},"end":{"line":57,"column":32}}],"line":57}},"s":{"0":1,"1":1,"2":1,"3":1,"4":1,"5":0,"6":1,"7":0,"8":1,"9":0,"10":1,"11":0,"12":1,"13":0,"14":1,"15":0,"16":1,"17":1,"18":1,"19":0,"20":1,"21":0,"22":1,"23":0,"24":1,"25":9,"26":9,"27":9,"28":0,"29":0,"30":0,"31":1,"32":6,"33":1,"34":3,"35":1,"36":0,"37":1,"38":0,"39":1,"40":0,"41":1,"42":0,"43":1,"44":0,"45":1,"46":0,"47":1,"48":0},"f":{"0":0,"1":0,"2":0,"3":0,"4":0,"5":0,"6":0,"7":0,"8":0,"9":9,"10":6,"11":3,"12":0,"13":0,"14":0,"15":0,"16":0,"17":0,"18":0},"b":{"0":[0,0],"1":[0,0],"2":[0,0],"3":[9,0]},"_coverageSchema":"1a1c01bbd47fc00a2c39e90264f33305004495a9","hash":"d6dccd340bb5b40cf8f1e2245992c42a8f06e751"}
,"C:\\Users\\HP\\Desktop\\PROJECTS\\REACT-NATIVE\\personal-apps\\expo-simple-ui-apps\\components\\Loading.tsx": {"path":"C:\\Users\\HP\\Desktop\\PROJECTS\\REACT-NATIVE\\personal-apps\\expo-simple-ui-apps\\components\\Loading.tsx","statementMap":{"0":{"start":{"line":6,"column":26},"end":{"line":6,"column":50}},"1":{"start":{"line":8,"column":16},"end":{"line":22,"column":1}},"2":{"start":{"line":9,"column":2},"end":{"line":21,"column":4}}},"fnMap":{"0":{"name":"(anonymous_0)","decl":{"start":{"line":8,"column":16},"end":{"line":8,"column":17}},"loc":{"start":{"line":8,"column":22},"end":{"line":22,"column":1}},"line":8}},"branchMap":{},"s":{"0":1,"1":1,"2":3},"f":{"0":3},"b":{},"_coverageSchema":"1a1c01bbd47fc00a2c39e90264f33305004495a9","hash":"55d336cac8fe239302742763e5a4c0d588075f99"}
,"C:\\Users\\HP\\Desktop\\PROJECTS\\REACT-NATIVE\\personal-apps\\expo-simple-ui-apps\\components\\MovieList.tsx": {"path":"C:\\Users\\HP\\Desktop\\PROJECTS\\REACT-NATIVE\\personal-apps\\expo-simple-ui-apps\\components\\MovieList.tsx","statementMap":{"0":{"start":{"line":22,"column":26},"end":{"line":22,"column":50}},"1":{"start":{"line":24,"column":18},"end":{"line":74,"column":1}},"2":{"start":{"line":25,"column":20},"end":{"line":25,"column":55}},"3":{"start":{"line":26,"column":21},"end":{"line":26,"column":60}},"4":{"start":{"line":28,"column":2},"end":{"line":73,"column":4}},"5":{"start":{"line":50,"column":27},"end":{"line":50,"column":74}}},"fnMap":{"0":{"name":"(anonymous_0)","decl":{"start":{"line":24,"column":18},"end":{"line":24,"column":19}},"loc":{"start":{"line":24,"column":67},"end":{"line":74,"column":1}},"line":24},"1":{"name":"(anonymous_1)","decl":{"start":{"line":46,"column":18},"end":{"line":46,"column":19}},"loc":{"start":{},"end":{}}},"2":{"name":"(anonymous_2)","decl":{"start":{"line":50,"column":21},"end":{"line":50,"column":22}},"loc":{"start":{"line":50,"column":27},"end":{"line":50,"column":74}},"line":50}},"branchMap":{"0":{"loc":{"start":{"line":32,"column":9},"end":{"line":38,"column":9}},"type":"cond-expr","locations":[{"start":{"line":32,"column":22},"end":{"line":32,"column":26}},{"start":{"line":33,"column":10},"end":{"line":37,"column":29}}],"line":32},"1":{"loc":{"start":{"line":58,"column":23},"end":{"line":58,"column":72}},"type":"binary-expr","locations":[{"start":{"line":58,"column":23},"end":{"line":58,"column":49}},{"start":{"line":58,"column":53},"end":{"line":58,"column":72}}],"line":58},"2":{"loc":{"start":{"line":64,"column":17},"end":{"line":66,"column":30}},"type":"cond-expr","locations":[{"start":{"line":65,"column":20},"end":{"line":65,"column":51}},{"start":{"line":66,"column":20},"end":{"line":66,"column":30}}],"line":64}},"s":{"0":1,"1":1,"2":0,"3":0,"4":0,"5":0},"f":{"0":0,"1":0,"2":0},"b":{"0":[0,0],"1":[0,0],"2":[0,0]},"_coverageSchema":"1a1c01bbd47fc00a2c39e90264f33305004495a9","hash":"49c40fa9017512e17279c9755f95b960899b6e2c"}
,"C:\\Users\\HP\\Desktop\\PROJECTS\\REACT-NATIVE\\personal-apps\\expo-simple-ui-apps\\components\\TrendingMovies.tsx": {"path":"C:\\Users\\HP\\Desktop\\PROJECTS\\REACT-NATIVE\\personal-apps\\expo-simple-ui-apps\\components\\TrendingMovies.tsx","statementMap":{"0":{"start":{"line":25,"column":26},"end":{"line":25,"column":50}},"1":{"start":{"line":27,"column":18},"end":{"line":44,"column":1}},"2":{"start":{"line":29,"column":2},"end":{"line":43,"column":4}},"3":{"start":{"line":33,"column":21},"end":{"line":33,"column":38}},"4":{"start":{"line":46,"column":23},"end":{"line":78,"column":1}},"5":{"start":{"line":51,"column":21},"end":{"line":51,"column":60}},"6":{"start":{"line":53,"column":22},"end":{"line":55,"column":3}},"7":{"start":{"line":54,"column":4},"end":{"line":54,"column":52}},"8":{"start":{"line":57,"column":2},"end":{"line":77,"column":4}},"9":{"start":{"line":68,"column":10},"end":{"line":68,"column":61}}},"fnMap":{"0":{"name":"(anonymous_0)","decl":{"start":{"line":27,"column":18},"end":{"line":27,"column":19}},"loc":{"start":{"line":27,"column":61},"end":{"line":44,"column":1}},"line":27},"1":{"name":"(anonymous_1)","decl":{"start":{"line":33,"column":15},"end":{"line":33,"column":16}},"loc":{"start":{"line":33,"column":21},"end":{"line":33,"column":38}},"line":33},"2":{"name":"(anonymous_2)","decl":{"start":{"line":46,"column":23},"end":{"line":46,"column":24}},"loc":{"start":{"line":46,"column":64},"end":{"line":78,"column":1}},"line":46},"3":{"name":"(anonymous_3)","decl":{"start":{"line":53,"column":22},"end":{"line":53,"column":23}},"loc":{"start":{"line":53,"column":43},"end":{"line":55,"column":3}},"line":53},"4":{"name":"(anonymous_4)","decl":{"start":{"line":67,"column":20},"end":{"line":67,"column":21}},"loc":{"start":{"line":68,"column":10},"end":{"line":68,"column":61}},"line":68}},"branchMap":{},"s":{"0":1,"1":1,"2":0,"3":0,"4":1,"5":0,"6":0,"7":0,"8":0,"9":0},"f":{"0":0,"1":0,"2":0,"3":0,"4":0},"b":{},"_coverageSchema":"1a1c01bbd47fc00a2c39e90264f33305004495a9","hash":"85668d6c6f4aad19e636f898e3fc1bfe16c05edd"}
,"C:\\Users\\HP\\Desktop\\PROJECTS\\REACT-NATIVE\\personal-apps\\expo-simple-ui-apps\\constants\\Api.ts": {"path":"C:\\Users\\HP\\Desktop\\PROJECTS\\REACT-NATIVE\\personal-apps\\expo-simple-ui-apps\\constants\\Api.ts","statementMap":{"0":{"start":{"line":1,"column":22},"end":{"line":1,"column":56}},"1":{"start":{"line":3,"column":2},"end":{"line":3,"column":215}}},"fnMap":{},"branchMap":{},"s":{"0":1,"1":1},"f":{},"b":{},"_coverageSchema":"1a1c01bbd47fc00a2c39e90264f33305004495a9","hash":"7a1eda681434f5d264268680fdd3189522974c40"}
,"C:\\Users\\HP\\Desktop\\PROJECTS\\REACT-NATIVE\\personal-apps\\expo-simple-ui-apps\\constants\\Constants.ts": {"path":"C:\\Users\\HP\\Desktop\\PROJECTS\\REACT-NATIVE\\personal-apps\\expo-simple-ui-apps\\constants\\Constants.ts","statementMap":{"0":{"start":{"line":1,"column":21},"end":{"line":4,"column":1}},"1":{"start":{"line":6,"column":22},"end":{"line":9,"column":1}},"2":{"start":{"line":12,"column":26},"end":{"line":25,"column":1}},"3":{"start":{"line":27,"column":26},"end":{"line":36,"column":1}}},"fnMap":{},"branchMap":{},"s":{"0":1,"1":1,"2":1,"3":1},"f":{},"b":{},"_coverageSchema":"1a1c01bbd47fc00a2c39e90264f33305004495a9","hash":"2cfa45069de78a1053fb89009e816c7c4f2b6dff"}
,"C:\\Users\\HP\\Desktop\\PROJECTS\\REACT-NATIVE\\personal-apps\\expo-simple-ui-apps\\screens\\HomeScreen.tsx": {"path":"C:\\Users\\HP\\Desktop\\PROJECTS\\REACT-NATIVE\\personal-apps\\expo-simple-ui-apps\\screens\\HomeScreen.tsx","statementMap":{"0":{"start":{"line":9,"column":19},"end":{"line":25,"column":1}},"1":{"start":{"line":10,"column":21},"end":{"line":10,"column":53}},"2":{"start":{"line":11,"column":2},"end":{"line":24,"column":4}},"3":{"start":{"line":16,"column":23},"end":{"line":16,"column":58}},"4":{"start":{"line":29,"column":15},"end":{"line":40,"column":2}}},"fnMap":{"0":{"name":"(anonymous_0)","decl":{"start":{"line":9,"column":19},"end":{"line":9,"column":20}},"loc":{"start":{"line":9,"column":25},"end":{"line":25,"column":1}},"line":9},"1":{"name":"(anonymous_1)","decl":{"start":{"line":16,"column":17},"end":{"line":16,"column":18}},"loc":{"start":{"line":16,"column":23},"end":{"line":16,"column":58}},"line":16}},"branchMap":{},"s":{"0":1,"1":1,"2":1,"3":0,"4":1},"f":{"0":1,"1":0},"b":{},"_coverageSchema":"1a1c01bbd47fc00a2c39e90264f33305004495a9","hash":"ce90be3ae2e09a501a674f3069f70819ff6248b9"}
,"C:\\Users\\HP\\Desktop\\PROJECTS\\REACT-NATIVE\\personal-apps\\expo-simple-ui-apps\\screens\\MoviesScreen.tsx": {"path":"C:\\Users\\HP\\Desktop\\PROJECTS\\REACT-NATIVE\\personal-apps\\expo-simple-ui-apps\\screens\\MoviesScreen.tsx","statementMap":{"0":{"start":{"line":30,"column":21},"end":{"line":121,"column":1}},"1":{"start":{"line":31,"column":21},"end":{"line":31,"column":53}},"2":{"start":{"line":32,"column":34},"end":{"line":34,"column":3}},"3":{"start":{"line":35,"column":34},"end":{"line":35,"column":76}},"4":{"start":{"line":36,"column":34},"end":{"line":36,"column":76}},"5":{"start":{"line":37,"column":32},"end":{"line":37,"column":53}},"6":{"start":{"line":39,"column":2},"end":{"line":43,"column":9}},"7":{"start":{"line":40,"column":4},"end":{"line":40,"column":24}},"8":{"start":{"line":41,"column":4},"end":{"line":41,"column":24}},"9":{"start":{"line":42,"column":4},"end":{"line":42,"column":24}},"10":{"start":{"line":45,"column":28},"end":{"line":56,"column":3}},"11":{"start":{"line":46,"column":4},"end":{"line":46,"column":21}},"12":{"start":{"line":47,"column":17},"end":{"line":47,"column":44}},"13":{"start":{"line":48,"column":4},"end":{"line":54,"column":5}},"14":{"start":{"line":49,"column":6},"end":{"line":49,"column":46}},"15":{"start":{"line":55,"column":4},"end":{"line":55,"column":22}},"16":{"start":{"line":58,"column":28},"end":{"line":65,"column":3}},"17":{"start":{"line":59,"column":4},"end":{"line":59,"column":21}},"18":{"start":{"line":60,"column":17},"end":{"line":60,"column":44}},"19":{"start":{"line":61,"column":4},"end":{"line":63,"column":5}},"20":{"start":{"line":62,"column":6},"end":{"line":62,"column":42}},"21":{"start":{"line":64,"column":4},"end":{"line":64,"column":22}},"22":{"start":{"line":67,"column":28},"end":{"line":74,"column":3}},"23":{"start":{"line":68,"column":4},"end":{"line":68,"column":21}},"24":{"start":{"line":69,"column":17},"end":{"line":69,"column":44}},"25":{"start":{"line":70,"column":4},"end":{"line":72,"column":5}},"26":{"start":{"line":71,"column":6},"end":{"line":71,"column":42}},"27":{"start":{"line":73,"column":4},"end":{"line":73,"column":22}},"28":{"start":{"line":76,"column":2},"end":{"line":120,"column":4}},"29":{"start":{"line":86,"column":27},"end":{"line":86,"column":67}}},"fnMap":{"0":{"name":"(anonymous_0)","decl":{"start":{"line":30,"column":21},"end":{"line":30,"column":22}},"loc":{"start":{"line":30,"column":27},"end":{"line":121,"column":1}},"line":30},"1":{"name":"(anonymous_1)","decl":{"start":{"line":39,"column":18},"end":{"line":39,"column":19}},"loc":{"start":{"line":39,"column":24},"end":{"line":43,"column":3}},"line":39},"2":{"name":"(anonymous_2)","decl":{"start":{"line":45,"column":28},"end":{"line":45,"column":29}},"loc":{"start":{"line":45,"column":40},"end":{"line":56,"column":3}},"line":45},"3":{"name":"(anonymous_3)","decl":{"start":{"line":58,"column":28},"end":{"line":58,"column":29}},"loc":{"start":{"line":58,"column":40},"end":{"line":65,"column":3}},"line":58},"4":{"name":"(anonymous_4)","decl":{"start":{"line":67,"column":28},"end":{"line":67,"column":29}},"loc":{"start":{"line":67,"column":40},"end":{"line":74,"column":3}},"line":67},"5":{"name":"(anonymous_5)","decl":{"start":{"line":86,"column":21},"end":{"line":86,"column":22}},"loc":{"start":{"line":86,"column":27},"end":{"line":86,"column":67}},"line":86}},"branchMap":{"0":{"loc":{"start":{"line":48,"column":4},"end":{"line":54,"column":5}},"type":"if","locations":[{"start":{"line":48,"column":4},"end":{"line":54,"column":5}},{"start":{},"end":{}}],"line":48},"1":{"loc":{"start":{"line":48,"column":8},"end":{"line":48,"column":28}},"type":"binary-expr","locations":[{"start":{"line":48,"column":8},"end":{"line":48,"column":12}},{"start":{"line":48,"column":16},"end":{"line":48,"column":28}}],"line":48},"2":{"loc":{"start":{"line":61,"column":4},"end":{"line":63,"column":5}},"type":"if","locations":[{"start":{"line":61,"column":4},"end":{"line":63,"column":5}},{"start":{},"end":{}}],"line":61},"3":{"loc":{"start":{"line":61,"column":8},"end":{"line":61,"column":28}},"type":"binary-expr","locations":[{"start":{"line":61,"column":8},"end":{"line":61,"column":12}},{"start":{"line":61,"column":16},"end":{"line":61,"column":28}}],"line":61},"4":{"loc":{"start":{"line":70,"column":4},"end":{"line":72,"column":5}},"type":"if","locations":[{"start":{"line":70,"column":4},"end":{"line":72,"column":5}},{"start":{},"end":{}}],"line":70},"5":{"loc":{"start":{"line":70,"column":8},"end":{"line":70,"column":28}},"type":"binary-expr","locations":[{"start":{"line":70,"column":8},"end":{"line":70,"column":12}},{"start":{"line":70,"column":16},"end":{"line":70,"column":28}}],"line":70},"6":{"loc":{"start":{"line":79,"column":34},"end":{"line":79,"column":74}},"type":"cond-expr","locations":[{"start":{"line":79,"column":58},"end":{"line":79,"column":65}},{"start":{"line":79,"column":68},"end":{"line":79,"column":74}}],"line":79},"7":{"loc":{"start":{"line":98,"column":7},"end":{"line":118,"column":7}},"type":"cond-expr","locations":[{"start":{"line":99,"column":8},"end":{"line":99,"column":19}},{"start":{"line":101,"column":8},"end":{"line":117,"column":21}}],"line":98},"8":{"loc":{"start":{"line":106,"column":11},"end":{"line":106,"column":70}},"type":"cond-expr","locations":[{"start":{"line":106,"column":31},"end":{"line":106,"column":63}},{"start":{"line":106,"column":66},"end":{"line":106,"column":70}}],"line":106},"9":{"loc":{"start":{"line":109,"column":11},"end":{"line":111,"column":18}},"type":"cond-expr","locations":[{"start":{"line":110,"column":12},"end":{"line":110,"column":70}},{"start":{"line":111,"column":14},"end":{"line":111,"column":18}}],"line":109},"10":{"loc":{"start":{"line":114,"column":11},"end":{"line":116,"column":18}},"type":"cond-expr","locations":[{"start":{"line":115,"column":12},"end":{"line":115,"column":70}},{"start":{"line":116,"column":14},"end":{"line":116,"column":18}}],"line":114}},"s":{"0":1,"1":6,"2":6,"3":6,"4":6,"5":6,"6":6,"7":3,"8":3,"9":3,"10":6,"11":3,"12":3,"13":0,"14":0,"15":0,"16":6,"17":3,"18":3,"19":0,"20":0,"21":0,"22":6,"23":3,"24":3,"25":0,"26":0,"27":0,"28":6,"29":0},"f":{"0":6,"1":3,"2":3,"3":3,"4":3,"5":0},"b":{"0":[0,0],"1":[0,0],"2":[0,0],"3":[0,0],"4":[0,0],"5":[0,0],"6":[6,0],"7":[3,3],"8":[0,3],"9":[0,3],"10":[0,3]},"_coverageSchema":"1a1c01bbd47fc00a2c39e90264f33305004495a9","hash":"55cdd9208cdab61232c6426f133073b2bcbf01da"}
}
