TN:
SF:api\movieDB.ts
FN:17,(anonymous_0)
FN:21,(anonymous_1)
FN:23,(anonymous_2)
FN:25,(anonymous_3)
FN:29,(anonymous_4)
FN:31,(anonymous_5)
FN:40,(anonymous_6)
FN:43,(anonymous_7)
FN:46,(anonymous_8)
FN:49,(anonymous_9)
FN:71,(anonymous_10)
FN:74,(anonymous_11)
FN:77,(anonymous_12)
FN:82,(anonymous_13)
FN:85,(anonymous_14)
FN:88,(anonymous_15)
FN:93,(anonymous_16)
FN:96,(anonymous_17)
FN:101,(anonymous_18)
FNF:19
FNH:3
FNDA:0,(anonymous_0)
FNDA:0,(anonymous_1)
FNDA:0,(anonymous_2)
FNDA:0,(anonymous_3)
FNDA:0,(anonymous_4)
FNDA:0,(anonymous_5)
FNDA:0,(anonymous_6)
FNDA:0,(anonymous_7)
FNDA:0,(anonymous_8)
FNDA:9,(anonymous_9)
FNDA:6,(anonymous_10)
FNDA:3,(anonymous_11)
FNDA:0,(anonymous_12)
FNDA:0,(anonymous_13)
FNDA:0,(anonymous_14)
FNDA:0,(anonymous_15)
FNDA:0,(anonymous_16)
FNDA:0,(anonymous_17)
FNDA:0,(anonymous_18)
DA:6,1
DA:9,1
DA:12,1
DA:15,1
DA:17,1
DA:18,0
DA:21,1
DA:22,0
DA:23,1
DA:24,0
DA:25,1
DA:26,0
DA:29,1
DA:30,0
DA:31,1
DA:32,0
DA:36,1
DA:38,1
DA:40,1
DA:41,0
DA:43,1
DA:44,0
DA:46,1
DA:47,0
DA:49,1
DA:50,9
DA:60,9
DA:61,9
DA:63,0
DA:65,0
DA:66,0
DA:71,1
DA:72,6
DA:74,1
DA:75,3
DA:77,1
DA:78,0
DA:82,1
DA:83,0
DA:85,1
DA:86,0
DA:88,1
DA:89,0
DA:93,1
DA:94,0
DA:96,1
DA:97,0
DA:101,1
DA:102,0
LF:49
LH:30
BRDA:41,0,0,0
BRDA:41,0,1,0
BRDA:44,1,0,0
BRDA:44,1,1,0
BRDA:47,2,0,0
BRDA:47,2,1,0
BRDA:57,3,0,9
BRDA:57,3,1,0
BRF:8
BRH:1
end_of_record
TN:
SF:components\Loading.tsx
FN:8,(anonymous_0)
FNF:1
FNH:1
FNDA:3,(anonymous_0)
DA:6,1
DA:8,1
DA:9,3
LF:3
LH:3
BRF:0
BRH:0
end_of_record
TN:
SF:components\MovieList.tsx
FN:24,(anonymous_0)
FN:46,(anonymous_1)
FN:50,(anonymous_2)
FNF:3
FNH:0
FNDA:0,(anonymous_0)
FNDA:0,(anonymous_1)
FNDA:0,(anonymous_2)
DA:22,1
DA:24,1
DA:25,0
DA:26,0
DA:28,0
DA:50,0
LF:6
LH:2
BRDA:32,0,0,0
BRDA:32,0,1,0
BRDA:58,1,0,0
BRDA:58,1,1,0
BRDA:64,2,0,0
BRDA:64,2,1,0
BRF:6
BRH:0
end_of_record
TN:
SF:components\TrendingMovies.tsx
FN:27,(anonymous_0)
FN:33,(anonymous_1)
FN:46,(anonymous_2)
FN:53,(anonymous_3)
FN:67,(anonymous_4)
FNF:5
FNH:0
FNDA:0,(anonymous_0)
FNDA:0,(anonymous_1)
FNDA:0,(anonymous_2)
FNDA:0,(anonymous_3)
FNDA:0,(anonymous_4)
DA:25,1
DA:27,1
DA:29,0
DA:33,0
DA:46,1
DA:51,0
DA:53,0
DA:54,0
DA:57,0
DA:68,0
LF:10
LH:3
BRF:0
BRH:0
end_of_record
TN:
SF:constants\Api.ts
FNF:0
FNH:0
DA:1,1
DA:3,1
LF:2
LH:2
BRF:0
BRH:0
end_of_record
TN:
SF:constants\Constants.ts
FNF:0
FNH:0
DA:1,1
DA:6,1
DA:12,1
DA:27,1
LF:4
LH:4
BRF:0
BRH:0
end_of_record
TN:
SF:screens\HomeScreen.tsx
FN:9,(anonymous_0)
FN:16,(anonymous_1)
FNF:2
FNH:1
FNDA:1,(anonymous_0)
FNDA:0,(anonymous_1)
DA:9,1
DA:10,1
DA:11,1
DA:16,0
DA:29,1
LF:5
LH:4
BRF:0
BRH:0
end_of_record
TN:
SF:screens\MoviesScreen.tsx
FN:30,(anonymous_0)
FN:39,(anonymous_1)
FN:45,(anonymous_2)
FN:58,(anonymous_3)
FN:67,(anonymous_4)
FN:86,(anonymous_5)
FNF:6
FNH:5
FNDA:6,(anonymous_0)
FNDA:3,(anonymous_1)
FNDA:3,(anonymous_2)
FNDA:3,(anonymous_3)
FNDA:3,(anonymous_4)
FNDA:0,(anonymous_5)
DA:30,1
DA:31,6
DA:32,6
DA:35,6
DA:36,6
DA:37,6
DA:39,6
DA:40,3
DA:41,3
DA:42,3
DA:45,6
DA:46,3
DA:47,3
DA:48,0
DA:49,0
DA:55,0
DA:58,6
DA:59,3
DA:60,3
DA:61,0
DA:62,0
DA:64,0
DA:67,6
DA:68,3
DA:69,3
DA:70,0
DA:71,0
DA:73,0
DA:76,6
DA:86,0
LF:30
LH:20
BRDA:48,0,0,0
BRDA:48,0,1,0
BRDA:48,1,0,0
BRDA:48,1,1,0
BRDA:61,2,0,0
BRDA:61,2,1,0
BRDA:61,3,0,0
BRDA:61,3,1,0
BRDA:70,4,0,0
BRDA:70,4,1,0
BRDA:70,5,0,0
BRDA:70,5,1,0
BRDA:79,6,0,6
BRDA:79,6,1,0
BRDA:98,7,0,3
BRDA:98,7,1,3
BRDA:106,8,0,0
BRDA:106,8,1,3
BRDA:109,9,0,0
BRDA:109,9,1,3
BRDA:114,10,0,0
BRDA:114,10,1,3
BRF:22
BRH:6
end_of_record
